{"total": {"lines":{"total":16448,"covered":10959,"skipped":0,"pct":66.62},"statements":{"total":16448,"covered":10959,"skipped":0,"pct":66.62},"functions":{"total":693,"covered":568,"skipped":0,"pct":81.96},"branches":{"total":2101,"covered":1638,"skipped":0,"pct":77.96},"branchesTrue":{"total":0,"covered":0,"skipped":0,"pct":100}}
,"/Users/kennethphang/Projects/AidenPhang/JumpJumpJump/frontend/src/App.tsx": {"lines":{"total":102,"covered":102,"skipped":0,"pct":100},"functions":{"total":2,"covered":2,"skipped":0,"pct":100},"statements":{"total":102,"covered":102,"skipped":0,"pct":100},"branches":{"total":7,"covered":7,"skipped":0,"pct":100}}
,"/Users/kennethphang/Projects/AidenPhang/JumpJumpJump/frontend/src/main.tsx": {"lines":{"total":10,"covered":10,"skipped":0,"pct":100},"functions":{"total":0,"covered":0,"skipped":0,"pct":100},"statements":{"total":10,"covered":10,"skipped":0,"pct":100},"branches":{"total":0,"covered":0,"skipped":0,"pct":100}}
,"/Users/kennethphang/Projects/AidenPhang/JumpJumpJump/frontend/src/managers/BossManager.ts": {"lines":{"total":343,"covered":298,"skipped":0,"pct":86.88},"functions":{"total":23,"covered":23,"skipped":0,"pct":100},"statements":{"total":343,"covered":298,"skipped":0,"pct":86.88},"branches":{"total":75,"covered":68,"skipped":0,"pct":90.66}}
,"/Users/kennethphang/Projects/AidenPhang/JumpJumpJump/frontend/src/managers/EnemyManager.ts": {"lines":{"total":328,"covered":327,"skipped":0,"pct":99.69},"functions":{"total":23,"covered":23,"skipped":0,"pct":100},"statements":{"total":328,"covered":327,"skipped":0,"pct":99.69},"branches":{"total":84,"covered":81,"skipped":0,"pct":96.42}}
,"/Users/kennethphang/Projects/AidenPhang/JumpJumpJump/frontend/src/managers/PlayerManager.ts": {"lines":{"total":374,"covered":361,"skipped":0,"pct":96.52},"functions":{"total":35,"covered":35,"skipped":0,"pct":100},"statements":{"total":374,"covered":361,"skipped":0,"pct":96.52},"branches":{"total":79,"covered":76,"skipped":0,"pct":96.2}}
,"/Users/kennethphang/Projects/AidenPhang/JumpJumpJump/frontend/src/managers/PowerUpManager.ts": {"lines":{"total":205,"covered":205,"skipped":0,"pct":100},"functions":{"total":21,"covered":21,"skipped":0,"pct":100},"statements":{"total":205,"covered":205,"skipped":0,"pct":100},"branches":{"total":44,"covered":43,"skipped":0,"pct":97.72}}
,"/Users/kennethphang/Projects/AidenPhang/JumpJumpJump/frontend/src/managers/UIManager.ts": {"lines":{"total":1128,"covered":968,"skipped":0,"pct":85.81},"functions":{"total":41,"covered":39,"skipped":0,"pct":95.12},"statements":{"total":1128,"covered":968,"skipped":0,"pct":85.81},"branches":{"total":78,"covered":59,"skipped":0,"pct":75.64}}
,"/Users/kennethphang/Projects/AidenPhang/JumpJumpJump/frontend/src/managers/index.ts": {"lines":{"total":1,"covered":1,"skipped":0,"pct":100},"functions":{"total":0,"covered":0,"skipped":0,"pct":100},"statements":{"total":1,"covered":1,"skipped":0,"pct":100},"branches":{"total":0,"covered":0,"skipped":0,"pct":100}}
,"/Users/kennethphang/Projects/AidenPhang/JumpJumpJump/frontend/src/scenes/BossGalleryScene.ts": {"lines":{"total":274,"covered":263,"skipped":0,"pct":95.98},"functions":{"total":8,"covered":8,"skipped":0,"pct":100},"statements":{"total":274,"covered":263,"skipped":0,"pct":95.98},"branches":{"total":50,"covered":39,"skipped":0,"pct":78}}
,"/Users/kennethphang/Projects/AidenPhang/JumpJumpJump/frontend/src/scenes/CoopLobbyScene.ts": {"lines":{"total":269,"covered":257,"skipped":0,"pct":95.53},"functions":{"total":13,"covered":13,"skipped":0,"pct":100},"statements":{"total":269,"covered":257,"skipped":0,"pct":95.53},"branches":{"total":63,"covered":57,"skipped":0,"pct":90.47}}
,"/Users/kennethphang/Projects/AidenPhang/JumpJumpJump/frontend/src/scenes/CreditScene.ts": {"lines":{"total":133,"covered":128,"skipped":0,"pct":96.24},"functions":{"total":4,"covered":4,"skipped":0,"pct":100},"statements":{"total":133,"covered":128,"skipped":0,"pct":96.24},"branches":{"total":9,"covered":8,"skipped":0,"pct":88.88}}
,"/Users/kennethphang/Projects/AidenPhang/JumpJumpJump/frontend/src/scenes/DQNTrainingScene.ts": {"lines":{"total":318,"covered":244,"skipped":0,"pct":76.72},"functions":{"total":20,"covered":19,"skipped":0,"pct":95},"statements":{"total":318,"covered":244,"skipped":0,"pct":76.72},"branches":{"total":57,"covered":42,"skipped":0,"pct":73.68}}
,"/Users/kennethphang/Projects/AidenPhang/JumpJumpJump/frontend/src/scenes/EndingScene.ts": {"lines":{"total":180,"covered":157,"skipped":0,"pct":87.22},"functions":{"total":13,"covered":11,"skipped":0,"pct":84.61},"statements":{"total":180,"covered":157,"skipped":0,"pct":87.22},"branches":{"total":21,"covered":21,"skipped":0,"pct":100}}
,"/Users/kennethphang/Projects/AidenPhang/JumpJumpJump/frontend/src/scenes/GameScene.ts": {"lines":{"total":5604,"covered":1823,"skipped":0,"pct":32.53},"functions":{"total":106,"covered":37,"skipped":0,"pct":34.9},"statements":{"total":5604,"covered":1823,"skipped":0,"pct":32.53},"branches":{"total":316,"covered":98,"skipped":0,"pct":31.01}}
,"/Users/kennethphang/Projects/AidenPhang/JumpJumpJump/frontend/src/scenes/InventoryScene.ts": {"lines":{"total":341,"covered":327,"skipped":0,"pct":95.89},"functions":{"total":14,"covered":14,"skipped":0,"pct":100},"statements":{"total":341,"covered":327,"skipped":0,"pct":95.89},"branches":{"total":73,"covered":69,"skipped":0,"pct":94.52}}
,"/Users/kennethphang/Projects/AidenPhang/JumpJumpJump/frontend/src/scenes/LeaderboardScene.ts": {"lines":{"total":279,"covered":264,"skipped":0,"pct":94.62},"functions":{"total":9,"covered":8,"skipped":0,"pct":88.88},"statements":{"total":279,"covered":264,"skipped":0,"pct":94.62},"branches":{"total":61,"covered":53,"skipped":0,"pct":86.88}}
,"/Users/kennethphang/Projects/AidenPhang/JumpJumpJump/frontend/src/scenes/MenuScene.ts": {"lines":{"total":1415,"covered":973,"skipped":0,"pct":68.76},"functions":{"total":20,"covered":16,"skipped":0,"pct":80},"statements":{"total":1415,"covered":973,"skipped":0,"pct":68.76},"branches":{"total":69,"covered":59,"skipped":0,"pct":85.5}}
,"/Users/kennethphang/Projects/AidenPhang/JumpJumpJump/frontend/src/scenes/OnlineLobbyScene.ts": {"lines":{"total":767,"covered":671,"skipped":0,"pct":87.48},"functions":{"total":34,"covered":32,"skipped":0,"pct":94.11},"statements":{"total":767,"covered":671,"skipped":0,"pct":87.48},"branches":{"total":106,"covered":89,"skipped":0,"pct":83.96}}
,"/Users/kennethphang/Projects/AidenPhang/JumpJumpJump/frontend/src/scenes/ShopScene.ts": {"lines":{"total":467,"covered":430,"skipped":0,"pct":92.07},"functions":{"total":20,"covered":19,"skipped":0,"pct":95},"statements":{"total":467,"covered":430,"skipped":0,"pct":92.07},"branches":{"total":58,"covered":47,"skipped":0,"pct":81.03}}
,"/Users/kennethphang/Projects/AidenPhang/JumpJumpJump/frontend/src/services/OnlineCoopService.ts": {"lines":{"total":412,"covered":350,"skipped":0,"pct":84.95},"functions":{"total":49,"covered":44,"skipped":0,"pct":89.79},"statements":{"total":412,"covered":350,"skipped":0,"pct":84.95},"branches":{"total":96,"covered":71,"skipped":0,"pct":73.95}}
,"/Users/kennethphang/Projects/AidenPhang/JumpJumpJump/frontend/src/services/api.ts": {"lines":{"total":76,"covered":63,"skipped":0,"pct":82.89},"functions":{"total":10,"covered":7,"skipped":0,"pct":70},"statements":{"total":76,"covered":63,"skipped":0,"pct":82.89},"branches":{"total":20,"covered":17,"skipped":0,"pct":85}}
,"/Users/kennethphang/Projects/AidenPhang/JumpJumpJump/frontend/src/types/GameTypes.ts": {"lines":{"total":110,"covered":110,"skipped":0,"pct":100},"functions":{"total":0,"covered":0,"skipped":0,"pct":100},"statements":{"total":110,"covered":110,"skipped":0,"pct":100},"branches":{"total":0,"covered":0,"skipped":0,"pct":100}}
,"/Users/kennethphang/Projects/AidenPhang/JumpJumpJump/frontend/src/utils/AIPlayer.ts": {"lines":{"total":214,"covered":205,"skipped":0,"pct":95.79},"functions":{"total":18,"covered":18,"skipped":0,"pct":100},"statements":{"total":214,"covered":205,"skipped":0,"pct":95.79},"branches":{"total":83,"covered":75,"skipped":0,"pct":90.36}}
,"/Users/kennethphang/Projects/AidenPhang/JumpJumpJump/frontend/src/utils/AudioManager.ts": {"lines":{"total":153,"covered":153,"skipped":0,"pct":100},"functions":{"total":13,"covered":13,"skipped":0,"pct":100},"statements":{"total":153,"covered":153,"skipped":0,"pct":100},"branches":{"total":42,"covered":42,"skipped":0,"pct":100}}
,"/Users/kennethphang/Projects/AidenPhang/JumpJumpJump/frontend/src/utils/ControlManager.ts": {"lines":{"total":63,"covered":63,"skipped":0,"pct":100},"functions":{"total":7,"covered":7,"skipped":0,"pct":100},"statements":{"total":63,"covered":63,"skipped":0,"pct":100},"branches":{"total":11,"covered":11,"skipped":0,"pct":100}}
,"/Users/kennethphang/Projects/AidenPhang/JumpJumpJump/frontend/src/utils/CoopPlayerManager.ts": {"lines":{"total":310,"covered":295,"skipped":0,"pct":95.16},"functions":{"total":19,"covered":16,"skipped":0,"pct":84.21},"statements":{"total":310,"covered":295,"skipped":0,"pct":95.16},"branches":{"total":64,"covered":60,"skipped":0,"pct":93.75}}
,"/Users/kennethphang/Projects/AidenPhang/JumpJumpJump/frontend/src/utils/DQNAgent.ts": {"lines":{"total":391,"covered":309,"skipped":0,"pct":79.02},"functions":{"total":18,"covered":18,"skipped":0,"pct":100},"statements":{"total":391,"covered":309,"skipped":0,"pct":79.02},"branches":{"total":124,"covered":100,"skipped":0,"pct":80.64}}
,"/Users/kennethphang/Projects/AidenPhang/JumpJumpJump/frontend/src/utils/GameplayRecorder.ts": {"lines":{"total":175,"covered":168,"skipped":0,"pct":96},"functions":{"total":14,"covered":14,"skipped":0,"pct":100},"statements":{"total":175,"covered":168,"skipped":0,"pct":96},"branches":{"total":52,"covered":42,"skipped":0,"pct":80.76}}
,"/Users/kennethphang/Projects/AidenPhang/JumpJumpJump/frontend/src/utils/LocalCoopManager.ts": {"lines":{"total":141,"covered":141,"skipped":0,"pct":100},"functions":{"total":24,"covered":24,"skipped":0,"pct":100},"statements":{"total":141,"covered":141,"skipped":0,"pct":100},"branches":{"total":50,"covered":50,"skipped":0,"pct":100}}
,"/Users/kennethphang/Projects/AidenPhang/JumpJumpJump/frontend/src/utils/MLAIPlayer.ts": {"lines":{"total":450,"covered":372,"skipped":0,"pct":82.66},"functions":{"total":18,"covered":17,"skipped":0,"pct":94.44},"statements":{"total":450,"covered":372,"skipped":0,"pct":82.66},"branches":{"total":84,"covered":52,"skipped":0,"pct":61.9}}
,"/Users/kennethphang/Projects/AidenPhang/JumpJumpJump/frontend/src/utils/MusicManager.ts": {"lines":{"total":42,"covered":42,"skipped":0,"pct":100},"functions":{"total":5,"covered":5,"skipped":0,"pct":100},"statements":{"total":42,"covered":42,"skipped":0,"pct":100},"branches":{"total":12,"covered":12,"skipped":0,"pct":100}}
,"/Users/kennethphang/Projects/AidenPhang/JumpJumpJump/frontend/src/utils/OnlinePlayerManager.ts": {"lines":{"total":965,"covered":483,"skipped":0,"pct":50.05},"functions":{"total":65,"covered":39,"skipped":0,"pct":60},"statements":{"total":965,"covered":483,"skipped":0,"pct":50.05},"branches":{"total":132,"covered":111,"skipped":0,"pct":84.09}}
,"/Users/kennethphang/Projects/AidenPhang/JumpJumpJump/frontend/src/utils/VirtualGamepad.ts": {"lines":{"total":113,"covered":113,"skipped":0,"pct":100},"functions":{"total":11,"covered":11,"skipped":0,"pct":100},"statements":{"total":113,"covered":113,"skipped":0,"pct":100},"branches":{"total":30,"covered":30,"skipped":0,"pct":100}}
,"/Users/kennethphang/Projects/AidenPhang/JumpJumpJump/frontend/src/utils/WorldGenerator.ts": {"lines":{"total":295,"covered":283,"skipped":0,"pct":95.93},"functions":{"total":16,"covered":11,"skipped":0,"pct":68.75},"statements":{"total":295,"covered":283,"skipped":0,"pct":95.93},"branches":{"total":51,"covered":49,"skipped":0,"pct":96.07}}
}
