{"total": {"lines":{"total":15463,"covered":5853,"skipped":0,"pct":37.85},"statements":{"total":15463,"covered":5853,"skipped":0,"pct":37.85},"functions":{"total":476,"covered":338,"skipped":0,"pct":71},"branches":{"total":1008,"covered":907,"skipped":0,"pct":89.98},"branchesTrue":{"total":0,"covered":0,"skipped":0,"pct":100}}
,"D:\\Projects\\AidenCodeJam\\JumpJumpJump\\frontend\\src\\App.tsx": {"lines":{"total":101,"covered":101,"skipped":0,"pct":100},"functions":{"total":2,"covered":2,"skipped":0,"pct":100},"statements":{"total":101,"covered":101,"skipped":0,"pct":100},"branches":{"total":7,"covered":7,"skipped":0,"pct":100}}
,"D:\\Projects\\AidenCodeJam\\JumpJumpJump\\frontend\\src\\main.tsx": {"lines":{"total":10,"covered":10,"skipped":0,"pct":100},"functions":{"total":0,"covered":0,"skipped":0,"pct":100},"statements":{"total":10,"covered":10,"skipped":0,"pct":100},"branches":{"total":0,"covered":0,"skipped":0,"pct":100}}
,"D:\\Projects\\AidenCodeJam\\JumpJumpJump\\frontend\\src\\managers\\BossManager.ts": {"lines":{"total":343,"covered":298,"skipped":0,"pct":86.88},"functions":{"total":23,"covered":23,"skipped":0,"pct":100},"statements":{"total":343,"covered":298,"skipped":0,"pct":86.88},"branches":{"total":75,"covered":68,"skipped":0,"pct":90.66}}
,"D:\\Projects\\AidenCodeJam\\JumpJumpJump\\frontend\\src\\managers\\EnemyManager.ts": {"lines":{"total":328,"covered":327,"skipped":0,"pct":99.69},"functions":{"total":23,"covered":23,"skipped":0,"pct":100},"statements":{"total":328,"covered":327,"skipped":0,"pct":99.69},"branches":{"total":85,"covered":82,"skipped":0,"pct":96.47}}
,"D:\\Projects\\AidenCodeJam\\JumpJumpJump\\frontend\\src\\managers\\PlayerManager.ts": {"lines":{"total":374,"covered":361,"skipped":0,"pct":96.52},"functions":{"total":35,"covered":35,"skipped":0,"pct":100},"statements":{"total":374,"covered":361,"skipped":0,"pct":96.52},"branches":{"total":79,"covered":76,"skipped":0,"pct":96.2}}
,"D:\\Projects\\AidenCodeJam\\JumpJumpJump\\frontend\\src\\managers\\PowerUpManager.ts": {"lines":{"total":205,"covered":205,"skipped":0,"pct":100},"functions":{"total":21,"covered":21,"skipped":0,"pct":100},"statements":{"total":205,"covered":205,"skipped":0,"pct":100},"branches":{"total":44,"covered":43,"skipped":0,"pct":97.72}}
,"D:\\Projects\\AidenCodeJam\\JumpJumpJump\\frontend\\src\\managers\\UIManager.ts": {"lines":{"total":1011,"covered":927,"skipped":0,"pct":91.69},"functions":{"total":38,"covered":38,"skipped":0,"pct":100},"statements":{"total":1011,"covered":927,"skipped":0,"pct":91.69},"branches":{"total":76,"covered":58,"skipped":0,"pct":76.31}}
,"D:\\Projects\\AidenCodeJam\\JumpJumpJump\\frontend\\src\\managers\\index.ts": {"lines":{"total":1,"covered":1,"skipped":0,"pct":100},"functions":{"total":0,"covered":0,"skipped":0,"pct":100},"statements":{"total":1,"covered":1,"skipped":0,"pct":100},"branches":{"total":0,"covered":0,"skipped":0,"pct":100}}
,"D:\\Projects\\AidenCodeJam\\JumpJumpJump\\frontend\\src\\scenes\\BossGalleryScene.ts": {"lines":{"total":265,"covered":0,"skipped":0,"pct":0},"functions":{"total":1,"covered":0,"skipped":0,"pct":0},"statements":{"total":265,"covered":0,"skipped":0,"pct":0},"branches":{"total":1,"covered":0,"skipped":0,"pct":0}}
,"D:\\Projects\\AidenCodeJam\\JumpJumpJump\\frontend\\src\\scenes\\CoopLobbyScene.ts": {"lines":{"total":260,"covered":0,"skipped":0,"pct":0},"functions":{"total":1,"covered":0,"skipped":0,"pct":0},"statements":{"total":260,"covered":0,"skipped":0,"pct":0},"branches":{"total":1,"covered":0,"skipped":0,"pct":0}}
,"D:\\Projects\\AidenCodeJam\\JumpJumpJump\\frontend\\src\\scenes\\CreditScene.ts": {"lines":{"total":124,"covered":0,"skipped":0,"pct":0},"functions":{"total":1,"covered":0,"skipped":0,"pct":0},"statements":{"total":124,"covered":0,"skipped":0,"pct":0},"branches":{"total":1,"covered":0,"skipped":0,"pct":0}}
,"D:\\Projects\\AidenCodeJam\\JumpJumpJump\\frontend\\src\\scenes\\DQNTrainingScene.ts": {"lines":{"total":303,"covered":0,"skipped":0,"pct":0},"functions":{"total":1,"covered":0,"skipped":0,"pct":0},"statements":{"total":303,"covered":0,"skipped":0,"pct":0},"branches":{"total":1,"covered":0,"skipped":0,"pct":0}}
,"D:\\Projects\\AidenCodeJam\\JumpJumpJump\\frontend\\src\\scenes\\EndingScene.ts": {"lines":{"total":72,"covered":72,"skipped":0,"pct":100},"functions":{"total":7,"covered":7,"skipped":0,"pct":100},"statements":{"total":72,"covered":72,"skipped":0,"pct":100},"branches":{"total":16,"covered":16,"skipped":0,"pct":100}}
,"D:\\Projects\\AidenCodeJam\\JumpJumpJump\\frontend\\src\\scenes\\GameScene.ts": {"lines":{"total":5101,"covered":344,"skipped":0,"pct":6.74},"functions":{"total":83,"covered":6,"skipped":0,"pct":7.22},"statements":{"total":5101,"covered":344,"skipped":0,"pct":6.74},"branches":{"total":24,"covered":23,"skipped":0,"pct":95.83}}
,"D:\\Projects\\AidenCodeJam\\JumpJumpJump\\frontend\\src\\scenes\\InventoryScene.ts": {"lines":{"total":332,"covered":0,"skipped":0,"pct":0},"functions":{"total":1,"covered":0,"skipped":0,"pct":0},"statements":{"total":332,"covered":0,"skipped":0,"pct":0},"branches":{"total":1,"covered":0,"skipped":0,"pct":0}}
,"D:\\Projects\\AidenCodeJam\\JumpJumpJump\\frontend\\src\\scenes\\LeaderboardScene.ts": {"lines":{"total":270,"covered":263,"skipped":0,"pct":97.4},"functions":{"total":8,"covered":8,"skipped":0,"pct":100},"statements":{"total":270,"covered":263,"skipped":0,"pct":97.4},"branches":{"total":61,"covered":53,"skipped":0,"pct":86.88}}
,"D:\\Projects\\AidenCodeJam\\JumpJumpJump\\frontend\\src\\scenes\\MenuScene.ts": {"lines":{"total":1313,"covered":464,"skipped":0,"pct":35.33},"functions":{"total":13,"covered":8,"skipped":0,"pct":61.53},"statements":{"total":1313,"covered":464,"skipped":0,"pct":35.33},"branches":{"total":19,"covered":16,"skipped":0,"pct":84.21}}
,"D:\\Projects\\AidenCodeJam\\JumpJumpJump\\frontend\\src\\scenes\\OnlineLobbyScene.ts": {"lines":{"total":758,"covered":665,"skipped":0,"pct":87.73},"functions":{"total":34,"covered":32,"skipped":0,"pct":94.11},"statements":{"total":758,"covered":665,"skipped":0,"pct":87.73},"branches":{"total":102,"covered":89,"skipped":0,"pct":87.25}}
,"D:\\Projects\\AidenCodeJam\\JumpJumpJump\\frontend\\src\\scenes\\ShopScene.ts": {"lines":{"total":425,"covered":401,"skipped":0,"pct":94.35},"functions":{"total":19,"covered":19,"skipped":0,"pct":100},"statements":{"total":425,"covered":401,"skipped":0,"pct":94.35},"branches":{"total":56,"covered":46,"skipped":0,"pct":82.14}}
,"D:\\Projects\\AidenCodeJam\\JumpJumpJump\\frontend\\src\\services\\OnlineCoopService.ts": {"lines":{"total":412,"covered":76,"skipped":0,"pct":18.44},"functions":{"total":43,"covered":6,"skipped":0,"pct":13.95},"statements":{"total":412,"covered":76,"skipped":0,"pct":18.44},"branches":{"total":9,"covered":6,"skipped":0,"pct":66.66}}
,"D:\\Projects\\AidenCodeJam\\JumpJumpJump\\frontend\\src\\services\\api.ts": {"lines":{"total":76,"covered":63,"skipped":0,"pct":82.89},"functions":{"total":10,"covered":7,"skipped":0,"pct":70},"statements":{"total":76,"covered":63,"skipped":0,"pct":82.89},"branches":{"total":20,"covered":17,"skipped":0,"pct":85}}
,"D:\\Projects\\AidenCodeJam\\JumpJumpJump\\frontend\\src\\types\\GameTypes.ts": {"lines":{"total":110,"covered":110,"skipped":0,"pct":100},"functions":{"total":0,"covered":0,"skipped":0,"pct":100},"statements":{"total":110,"covered":110,"skipped":0,"pct":100},"branches":{"total":0,"covered":0,"skipped":0,"pct":100}}
,"D:\\Projects\\AidenCodeJam\\JumpJumpJump\\frontend\\src\\utils\\AIPlayer.ts": {"lines":{"total":214,"covered":205,"skipped":0,"pct":95.79},"functions":{"total":18,"covered":18,"skipped":0,"pct":100},"statements":{"total":214,"covered":205,"skipped":0,"pct":95.79},"branches":{"total":83,"covered":75,"skipped":0,"pct":90.36}}
,"D:\\Projects\\AidenCodeJam\\JumpJumpJump\\frontend\\src\\utils\\AudioManager.ts": {"lines":{"total":153,"covered":153,"skipped":0,"pct":100},"functions":{"total":13,"covered":13,"skipped":0,"pct":100},"statements":{"total":153,"covered":153,"skipped":0,"pct":100},"branches":{"total":42,"covered":42,"skipped":0,"pct":100}}
,"D:\\Projects\\AidenCodeJam\\JumpJumpJump\\frontend\\src\\utils\\ControlManager.ts": {"lines":{"total":63,"covered":63,"skipped":0,"pct":100},"functions":{"total":7,"covered":7,"skipped":0,"pct":100},"statements":{"total":63,"covered":63,"skipped":0,"pct":100},"branches":{"total":11,"covered":11,"skipped":0,"pct":100}}
,"D:\\Projects\\AidenCodeJam\\JumpJumpJump\\frontend\\src\\utils\\CoopPlayerManager.ts": {"lines":{"total":310,"covered":0,"skipped":0,"pct":0},"functions":{"total":1,"covered":0,"skipped":0,"pct":0},"statements":{"total":310,"covered":0,"skipped":0,"pct":0},"branches":{"total":1,"covered":0,"skipped":0,"pct":0}}
,"D:\\Projects\\AidenCodeJam\\JumpJumpJump\\frontend\\src\\utils\\DQNAgent.ts": {"lines":{"total":383,"covered":0,"skipped":0,"pct":0},"functions":{"total":1,"covered":0,"skipped":0,"pct":0},"statements":{"total":383,"covered":0,"skipped":0,"pct":0},"branches":{"total":1,"covered":0,"skipped":0,"pct":0}}
,"D:\\Projects\\AidenCodeJam\\JumpJumpJump\\frontend\\src\\utils\\GameplayRecorder.ts": {"lines":{"total":175,"covered":168,"skipped":0,"pct":96},"functions":{"total":14,"covered":14,"skipped":0,"pct":100},"statements":{"total":175,"covered":168,"skipped":0,"pct":96},"branches":{"total":52,"covered":42,"skipped":0,"pct":80.76}}
,"D:\\Projects\\AidenCodeJam\\JumpJumpJump\\frontend\\src\\utils\\LocalCoopManager.ts": {"lines":{"total":141,"covered":141,"skipped":0,"pct":100},"functions":{"total":24,"covered":24,"skipped":0,"pct":100},"statements":{"total":141,"covered":141,"skipped":0,"pct":100},"branches":{"total":50,"covered":50,"skipped":0,"pct":100}}
,"D:\\Projects\\AidenCodeJam\\JumpJumpJump\\frontend\\src\\utils\\MLAIPlayer.ts": {"lines":{"total":450,"covered":0,"skipped":0,"pct":0},"functions":{"total":1,"covered":0,"skipped":0,"pct":0},"statements":{"total":450,"covered":0,"skipped":0,"pct":0},"branches":{"total":1,"covered":0,"skipped":0,"pct":0}}
,"D:\\Projects\\AidenCodeJam\\JumpJumpJump\\frontend\\src\\utils\\MusicManager.ts": {"lines":{"total":42,"covered":42,"skipped":0,"pct":100},"functions":{"total":5,"covered":5,"skipped":0,"pct":100},"statements":{"total":42,"covered":42,"skipped":0,"pct":100},"branches":{"total":12,"covered":12,"skipped":0,"pct":100}}
,"D:\\Projects\\AidenCodeJam\\JumpJumpJump\\frontend\\src\\utils\\OnlinePlayerManager.ts": {"lines":{"total":933,"covered":0,"skipped":0,"pct":0},"functions":{"total":1,"covered":0,"skipped":0,"pct":0},"statements":{"total":933,"covered":0,"skipped":0,"pct":0},"branches":{"total":1,"covered":0,"skipped":0,"pct":0}}
,"D:\\Projects\\AidenCodeJam\\JumpJumpJump\\frontend\\src\\utils\\VirtualGamepad.ts": {"lines":{"total":113,"covered":113,"skipped":0,"pct":100},"functions":{"total":11,"covered":11,"skipped":0,"pct":100},"statements":{"total":113,"covered":113,"skipped":0,"pct":100},"branches":{"total":30,"covered":30,"skipped":0,"pct":100}}
,"D:\\Projects\\AidenCodeJam\\JumpJumpJump\\frontend\\src\\utils\\WorldGenerator.ts": {"lines":{"total":292,"covered":280,"skipped":0,"pct":95.89},"functions":{"total":16,"covered":11,"skipped":0,"pct":68.75},"statements":{"total":292,"covered":280,"skipped":0,"pct":95.89},"branches":{"total":46,"covered":45,"skipped":0,"pct":97.82}}
}
